<?xml version="1.0" encoding="UTF-8"?><testrun name="RunTest" project="selenium-java-cucumber-structure" tests="1" started="1" failures="0" errors="1" ignored="0">
  <testsuite name="tests.RunTest" time="0.0">
    <testcase name="initializationError" classname="tests.RunTest" time="0.001">
      <error>cucumber.runtime.CucumberException: No backends were found. Please make sure you have a backend module on your CLASSPATH.&#13;
	at cucumber.runtime.Runtime.&lt;init&gt;(Runtime.java:81)&#13;
	at cucumber.runtime.Runtime.&lt;init&gt;(Runtime.java:70)&#13;
	at cucumber.runtime.Runtime.&lt;init&gt;(Runtime.java:66)&#13;
	at cucumber.api.junit.Cucumber.createRuntime(Cucumber.java:80)&#13;
	at cucumber.api.junit.Cucumber.&lt;init&gt;(Cucumber.java:59)&#13;
	at java.base/jdk.internal.reflect.NativeConstructorAccessorImpl.newInstance0(Native Method)&#13;
	at java.base/jdk.internal.reflect.NativeConstructorAccessorImpl.newInstance(NativeConstructorAccessorImpl.java:77)&#13;
	at java.base/jdk.internal.reflect.DelegatingConstructorAccessorImpl.newInstance(DelegatingConstructorAccessorImpl.java:45)&#13;
	at java.base/java.lang.reflect.Constructor.newInstanceWithCaller(Constructor.java:499)&#13;
	at java.base/java.lang.reflect.Constructor.newInstance(Constructor.java:480)&#13;
	at org.junit.internal.builders.AnnotatedBuilder.buildRunner(AnnotatedBuilder.java:104)&#13;
	at org.junit.internal.builders.AnnotatedBuilder.runnerForClass(AnnotatedBuilder.java:86)&#13;
	at org.junit.runners.model.RunnerBuilder.safeRunnerForClass(RunnerBuilder.java:70)&#13;
	at org.junit.internal.builders.AllDefaultPossibilitiesBuilder.runnerForClass(AllDefaultPossibilitiesBuilder.java:37)&#13;
	at org.junit.runners.model.RunnerBuilder.safeRunnerForClass(RunnerBuilder.java:70)&#13;
	at org.junit.internal.requests.ClassRequest.createRunner(ClassRequest.java:28)&#13;
	at org.junit.internal.requests.MemoizingRequest.getRunner(MemoizingRequest.java:19)&#13;
	at org.eclipse.jdt.internal.junit4.runner.JUnit4TestLoader.createUnfilteredTest(JUnit4TestLoader.java:90)&#13;
	at org.eclipse.jdt.internal.junit4.runner.JUnit4TestLoader.createTest(JUnit4TestLoader.java:76)&#13;
	at org.eclipse.jdt.internal.junit4.runner.JUnit4TestLoader.loadTests(JUnit4TestLoader.java:49)&#13;
	at org.eclipse.jdt.internal.junit.runner.RemoteTestRunner.runTests(RemoteTestRunner.java:513)&#13;
	at org.eclipse.jdt.internal.junit.runner.RemoteTestRunner.runTests(RemoteTestRunner.java:756)&#13;
	at org.eclipse.jdt.internal.junit.runner.RemoteTestRunner.run(RemoteTestRunner.java:452)&#13;
	at org.eclipse.jdt.internal.junit.runner.RemoteTestRunner.main(RemoteTestRunner.java:210)&#13;
&#13;
</error>
    </testcase>
  </testsuite>
</testrun>
